#
# There is insufficient memory for the Java Runtime Environment to continue.
# Native memory allocation (malloc) failed to allocate 1271088 bytes for Chunk::new
# Possible reasons:
#   The system is out of physical RAM or swap space
#   The process is running with CompressedOops enabled, and the Java Heap may be blocking the growth of the native heap
# Possible solutions:
#   Reduce memory load on the system
#   Increase physical memory or swap space
#   Check if swap backing store is full
#   Decrease Java heap size (-Xmx/-Xms)
#   Decrease number of Java threads
#   Decrease Java thread stack sizes (-Xss)
#   Set larger code cache with -XX:ReservedCodeCacheSize=
#   JVM is running with Unscaled Compressed Oops mode in which the Java heap is
#     placed in the first 4GB address space. The Java Heap base address is the
#     maximum limit for the native heap growth. Please use -XX:HeapBaseMinAddress
#     to set the Java Heap base and to place the Java Heap above 4GB virtual address.
# This output file may be truncated or incomplete.
#
#  Out of Memory Error (arena.cpp:189), pid=33456, tid=28640
#
# JRE version: Java(TM) SE Runtime Environment (17.0.17+8) (build 17.0.17+8-LTS-360)
# Java VM: Java HotSpot(TM) 64-Bit Server VM (17.0.17+8-LTS-360, mixed mode, sharing, tiered, compressed oops, compressed class ptrs, g1 gc, windows-amd64)
# No core dump will be written. Minidumps are not enabled by default on client versions of Windows
#

---------------  S U M M A R Y ------------

Command Line: -ea -Dfile.encoding=UTF-8 -Dstdout.encoding=UTF-8 -Dstderr.encoding=UTF-8 -XX:+ShowCodeDetailsInExceptionMessages org.eclipse.jdt.internal.junit.runner.RemoteTestRunner -version 3 -port 56912 -testLoaderClass org.eclipse.jdt.internal.junit5.runner.JUnit5TestLoader -loaderpluginname org.eclipse.jdt.junit5.runtime -classNames com.example.demo.apiendpoint.VirtualGoldHoldingsApiTest

Host: AMD Ryzen 5 7520U with Radeon Graphics         , 8 cores, 7G,  Windows 11 , 64 bit Build 26100 (10.0.26100.8246)
Time: Thu Apr 30 12:48:06 2026 India Standard Time elapsed time: 3.639669 seconds (0d 0h 0m 3s)

---------------  T H R E A D  ---------------

Current thread (0x000001b37e7b7190):  JavaThread "C2 CompilerThread0" daemon [_thread_in_native, id=28640, stack(0x0000005fc9300000,0x0000005fc9400000)]


Current CompileTask:
C2:   3639 1613       4       jdk.internal.org.objectweb.asm.Frame::execute (2305 bytes)

Stack: [0x0000005fc9300000,0x0000005fc9400000]
Native frames: (J=compiled Java code, j=interpreted, Vv=VM code, C=native code)
V  [jvm.dll+0x67a0ea]
V  [jvm.dll+0x7da56d]
V  [jvm.dll+0x7dbeb3]
V  [jvm.dll+0x7dc523]
V  [jvm.dll+0x2453af]
V  [jvm.dll+0xab763]
V  [jvm.dll+0xabd2c]
V  [jvm.dll+0x36211e]
V  [jvm.dll+0x1ba69a]
V  [jvm.dll+0x216cb7]
V  [jvm.dll+0x215f8f]
V  [jvm.dll+0x1a2b50]
V  [jvm.dll+0x22642b]
V  [jvm.dll+0x2245cb]
V  [jvm.dll+0x790964]
V  [jvm.dll+0x78af4a]
V  [jvm.dll+0x678fd5]
C  [ucrtbase.dll+0x37b0]
C  [KERNEL32.DLL+0x2e8d7]
C  [ntdll.dll+0x8c3fc]


---------------  P R O C E S S  ---------------

Threads class SMR info:
_java_thread_list=0x000001b37edb9240, length=13, elements={
0x000001b360c43ed0, 0x000001b37e78c930, 0x000001b37e791210, 0x000001b37e7a95a0,
0x000001b37e7a9e60, 0x000001b37e7aa720, 0x000001b37e7ae4e0, 0x000001b37e7b7190,
0x000001b37e7b9b50, 0x000001b37e7ddc70, 0x000001b37ea07760, 0x000001b37ea119f0,
0x000001b37efd3dc0
}

Java Threads: ( => current thread )
  0x000001b360c43ed0 JavaThread "main" [_thread_in_Java, id=32844, stack(0x0000005fc8600000,0x0000005fc8700000)]
  0x000001b37e78c930 JavaThread "Reference Handler" daemon [_thread_blocked, id=19040, stack(0x0000005fc8d00000,0x0000005fc8e00000)]
  0x000001b37e791210 JavaThread "Finalizer" daemon [_thread_blocked, id=15124, stack(0x0000005fc8e00000,0x0000005fc8f00000)]
  0x000001b37e7a95a0 JavaThread "Signal Dispatcher" daemon [_thread_blocked, id=31036, stack(0x0000005fc8f00000,0x0000005fc9000000)]
  0x000001b37e7a9e60 JavaThread "Attach Listener" daemon [_thread_blocked, id=29768, stack(0x0000005fc9000000,0x0000005fc9100000)]
  0x000001b37e7aa720 JavaThread "Service Thread" daemon [_thread_blocked, id=29192, stack(0x0000005fc9100000,0x0000005fc9200000)]
  0x000001b37e7ae4e0 JavaThread "Monitor Deflation Thread" daemon [_thread_blocked, id=31624, stack(0x0000005fc9200000,0x0000005fc9300000)]
=>0x000001b37e7b7190 JavaThread "C2 CompilerThread0" daemon [_thread_in_native, id=28640, stack(0x0000005fc9300000,0x0000005fc9400000)]
  0x000001b37e7b9b50 JavaThread "C1 CompilerThread0" daemon [_thread_blocked, id=26132, stack(0x0000005fc9400000,0x0000005fc9500000)]
  0x000001b37e7ddc70 JavaThread "Sweeper thread" daemon [_thread_blocked, id=15860, stack(0x0000005fc9500000,0x0000005fc9600000)]
  0x000001b37ea07760 JavaThread "Notification Thread" daemon [_thread_blocked, id=27300, stack(0x0000005fc9600000,0x0000005fc9700000)]
  0x000001b37ea119f0 JavaThread "Common-Cleaner" daemon [_thread_blocked, id=30352, stack(0x0000005fc9800000,0x0000005fc9900000)]
  0x000001b37efd3dc0 JavaThread "ReaderThread" [_thread_in_native, id=32088, stack(0x0000005fc9900000,0x0000005fc9a00000)]

Other Threads:
  0x000001b37e789080 VMThread "VM Thread" [stack: 0x0000005fc8c00000,0x0000005fc8d00000] [id=10836]
  0x000001b360cf6250 WatcherThread [stack: 0x0000005fc9700000,0x0000005fc9800000] [id=15364]
  0x000001b360c98690 GCTaskThread "GC Thread#0" [stack: 0x0000005fc8700000,0x0000005fc8800000] [id=12136]
  0x000001b345098710 GCTaskThread "GC Thread#1" [stack: 0x0000005fc9a00000,0x0000005fc9b00000] [id=27064]
  0x000001b3450989d0 GCTaskThread "GC Thread#2" [stack: 0x0000005fc9b00000,0x0000005fc9c00000] [id=32340]
  0x000001b37f4c6520 GCTaskThread "GC Thread#3" [stack: 0x0000005fc9c00000,0x0000005fc9d00000] [id=32392]
  0x000001b3450d1520 GCTaskThread "GC Thread#4" [stack: 0x0000005fc9d00000,0x0000005fc9e00000] [id=32436]
  0x000001b360ca8e60 ConcurrentGCThread "G1 Main Marker" [stack: 0x0000005fc8800000,0x0000005fc8900000] [id=33524]
  0x000001b360cab940 ConcurrentGCThread "G1 Conc#0" [stack: 0x0000005fc8900000,0x0000005fc8a00000] [id=11212]
  0x000001b37e64a820 ConcurrentGCThread "G1 Refine#0" [stack: 0x0000005fc8a00000,0x0000005fc8b00000] [id=15156]
  0x000001b37e64af00 ConcurrentGCThread "G1 Service" [stack: 0x0000005fc8b00000,0x0000005fc8c00000] [id=27028]

Threads with active compile tasks:
C2 CompilerThread0     3694 1613       4       jdk.internal.org.objectweb.asm.Frame::execute (2305 bytes)

VM state: not at safepoint (normal execution)

VM Mutex/Monitor currently owned by a thread: None

Heap address: 0x000000008c000000, size: 1856 MB, Compressed Oops mode: 32-bit

CDS archive(s) mapped at: [0x000001b300000000-0x000001b300bd0000-0x000001b300bd0000), size 12386304, SharedBaseAddress: 0x000001b300000000, ArchiveRelocationMode: 1.
Compressed class space mapped at: 0x000001b301000000-0x000001b341000000, reserved size: 1073741824
Narrow klass base: 0x000001b300000000, Narrow klass shift: 0, Narrow klass range: 0x100000000

GC Precious Log:
 CPUs: 8 total, 8 available
 Memory: 7418M
 Large Page Support: Disabled
 NUMA Support: Disabled
 Compressed Oops: Enabled (32-bit)
 Heap Region Size: 1M
 Heap Min Capacity: 8M
 Heap Initial Capacity: 116M
 Heap Max Capacity: 1856M
 Pre-touch: Disabled
 Parallel Workers: 8
 Concurrent Workers: 2
 Concurrent Refinement Workers: 8
 Periodic GC: Disabled

Heap:
 garbage-first heap   total 118784K, used 25257K [0x000000008c000000, 0x0000000100000000)
  region size 1024K, 22 young (22528K), 3 survivors (3072K)
 Metaspace       used 9720K, committed 9984K, reserved 1114112K
  class space    used 1236K, committed 1344K, reserved 1048576K

Heap Regions: E=young(eden), S=young(survivor), O=old, HS=humongous(starts), HC=humongous(continues), CS=collection set, F=free, OA=open archive, CA=closed archive, TAMS=top-at-mark-start (previous, next)
|   0|0x000000008c000000, 0x000000008c100000, 0x000000008c100000|100%|HS|  |TAMS 0x000000008c000000, 0x000000008c000000| Complete 
|   1|0x000000008c100000, 0x000000008c200000, 0x000000008c200000|100%| O|  |TAMS 0x000000008c100000, 0x000000008c100000| Untracked 
|   2|0x000000008c200000, 0x000000008c300000, 0x000000008c300000|100%| O|  |TAMS 0x000000008c200000, 0x000000008c200000| Untracked 
|   3|0x000000008c300000, 0x000000008c3aa600, 0x000000008c400000| 66%| O|  |TAMS 0x000000008c300000, 0x000000008c300000| Untracked 
|   4|0x000000008c400000, 0x000000008c400000, 0x000000008c500000|  0%| F|  |TAMS 0x000000008c400000, 0x000000008c400000| Untracked 
|   5|0x000000008c500000, 0x000000008c500000, 0x000000008c600000|  0%| F|  |TAMS 0x000000008c500000, 0x000000008c500000| Untracked 
|   6|0x000000008c600000, 0x000000008c600000, 0x000000008c700000|  0%| F|  |TAMS 0x000000008c600000, 0x000000008c600000| Untracked 
|   7|0x000000008c700000, 0x000000008c700000, 0x000000008c800000|  0%| F|  |TAMS 0x000000008c700000, 0x000000008c700000| Untracked 
|   8|0x000000008c800000, 0x000000008c800000, 0x000000008c900000|  0%| F|  |TAMS 0x000000008c800000, 0x000000008c800000| Untracked 
|   9|0x000000008c900000, 0x000000008c900000, 0x000000008ca00000|  0%| F|  |TAMS 0x000000008c900000, 0x000000008c900000| Untracked 
|  10|0x000000008ca00000, 0x000000008ca00000, 0x000000008cb00000|  0%| F|  |TAMS 0x000000008ca00000, 0x000000008ca00000| Untracked 
|  11|0x000000008cb00000, 0x000000008cb00000, 0x000000008cc00000|  0%| F|  |TAMS 0x000000008cb00000, 0x000000008cb00000| Untracked 
|  12|0x000000008cc00000, 0x000000008cc00000, 0x000000008cd00000|  0%| F|  |TAMS 0x000000008cc00000, 0x000000008cc00000| Untracked 
|  13|0x000000008cd00000, 0x000000008cd00000, 0x000000008ce00000|  0%| F|  |TAMS 0x000000008cd00000, 0x000000008cd00000| Untracked 
|  14|0x000000008ce00000, 0x000000008ce00000, 0x000000008cf00000|  0%| F|  |TAMS 0x000000008ce00000, 0x000000008ce00000| Untracked 
|  15|0x000000008cf00000, 0x000000008cf00000, 0x000000008d000000|  0%| F|  |TAMS 0x000000008cf00000, 0x000000008cf00000| Untracked 
|  16|0x000000008d000000, 0x000000008d000000, 0x000000008d100000|  0%| F|  |TAMS 0x000000008d000000, 0x000000008d000000| Untracked 
|  17|0x000000008d100000, 0x000000008d100000, 0x000000008d200000|  0%| F|  |TAMS 0x000000008d100000, 0x000000008d100000| Untracked 
|  18|0x000000008d200000, 0x000000008d200000, 0x000000008d300000|  0%| F|  |TAMS 0x000000008d200000, 0x000000008d200000| Untracked 
|  19|0x000000008d300000, 0x000000008d300000, 0x000000008d400000|  0%| F|  |TAMS 0x000000008d300000, 0x000000008d300000| Untracked 
|  20|0x000000008d400000, 0x000000008d400000, 0x000000008d500000|  0%| F|  |TAMS 0x000000008d400000, 0x000000008d400000| Untracked 
|  21|0x000000008d500000, 0x000000008d500000, 0x000000008d600000|  0%| F|  |TAMS 0x000000008d500000, 0x000000008d500000| Untracked 
|  22|0x000000008d600000, 0x000000008d600000, 0x000000008d700000|  0%| F|  |TAMS 0x000000008d600000, 0x000000008d600000| Untracked 
|  23|0x000000008d700000, 0x000000008d700000, 0x000000008d800000|  0%| F|  |TAMS 0x000000008d700000, 0x000000008d700000| Untracked 
|  24|0x000000008d800000, 0x000000008d800000, 0x000000008d900000|  0%| F|  |TAMS 0x000000008d800000, 0x000000008d800000| Untracked 
|  25|0x000000008d900000, 0x000000008d900000, 0x000000008da00000|  0%| F|  |TAMS 0x000000008d900000, 0x000000008d900000| Untracked 
|  26|0x000000008da00000, 0x000000008da00000, 0x000000008db00000|  0%| F|  |TAMS 0x000000008da00000, 0x000000008da00000| Untracked 
|  27|0x000000008db00000, 0x000000008db00000, 0x000000008dc00000|  0%| F|  |TAMS 0x000000008db00000, 0x000000008db00000| Untracked 
|  28|0x000000008dc00000, 0x000000008dc00000, 0x000000008dd00000|  0%| F|  |TAMS 0x000000008dc00000, 0x000000008dc00000| Untracked 
|  29|0x000000008dd00000, 0x000000008dd00000, 0x000000008de00000|  0%| F|  |TAMS 0x000000008dd00000, 0x000000008dd00000| Untracked 
|  30|0x000000008de00000, 0x000000008de00000, 0x000000008df00000|  0%| F|  |TAMS 0x000000008de00000, 0x000000008de00000| Untracked 
|  31|0x000000008df00000, 0x000000008df00000, 0x000000008e000000|  0%| F|  |TAMS 0x000000008df00000, 0x000000008df00000| Untracked 
|  32|0x000000008e000000, 0x000000008e000000, 0x000000008e100000|  0%| F|  |TAMS 0x000000008e000000, 0x000000008e000000| Untracked 
|  33|0x000000008e100000, 0x000000008e100000, 0x000000008e200000|  0%| F|  |TAMS 0x000000008e100000, 0x000000008e100000| Untracked 
|  34|0x000000008e200000, 0x000000008e200000, 0x000000008e300000|  0%| F|  |TAMS 0x000000008e200000, 0x000000008e200000| Untracked 
|  35|0x000000008e300000, 0x000000008e300000, 0x000000008e400000|  0%| F|  |TAMS 0x000000008e300000, 0x000000008e300000| Untracked 
|  36|0x000000008e400000, 0x000000008e400000, 0x000000008e500000|  0%| F|  |TAMS 0x000000008e400000, 0x000000008e400000| Untracked 
|  37|0x000000008e500000, 0x000000008e500000, 0x000000008e600000|  0%| F|  |TAMS 0x000000008e500000, 0x000000008e500000| Untracked 
|  38|0x000000008e600000, 0x000000008e600000, 0x000000008e700000|  0%| F|  |TAMS 0x000000008e600000, 0x000000008e600000| Untracked 
|  39|0x000000008e700000, 0x000000008e700000, 0x000000008e800000|  0%| F|  |TAMS 0x000000008e700000, 0x000000008e700000| Untracked 
|  40|0x000000008e800000, 0x000000008e800000, 0x000000008e900000|  0%| F|  |TAMS 0x000000008e800000, 0x000000008e800000| Untracked 
|  41|0x000000008e900000, 0x000000008e900000, 0x000000008ea00000|  0%| F|  |TAMS 0x000000008e900000, 0x000000008e900000| Untracked 
|  42|0x000000008ea00000, 0x000000008ea00000, 0x000000008eb00000|  0%| F|  |TAMS 0x000000008ea00000, 0x000000008ea00000| Untracked 
|  43|0x000000008eb00000, 0x000000008eb00000, 0x000000008ec00000|  0%| F|  |TAMS 0x000000008eb00000, 0x000000008eb00000| Untracked 
|  44|0x000000008ec00000, 0x000000008ec00000, 0x000000008ed00000|  0%| F|  |TAMS 0x000000008ec00000, 0x000000008ec00000| Untracked 
|  45|0x000000008ed00000, 0x000000008ed00000, 0x000000008ee00000|  0%| F|  |TAMS 0x000000008ed00000, 0x000000008ed00000| Untracked 
|  46|0x000000008ee00000, 0x000000008ee00000, 0x000000008ef00000|  0%| F|  |TAMS 0x000000008ee00000, 0x000000008ee00000| Untracked 
|  47|0x000000008ef00000, 0x000000008ef00000, 0x000000008f000000|  0%| F|  |TAMS 0x000000008ef00000, 0x000000008ef00000| Untracked 
|  48|0x000000008f000000, 0x000000008f000000, 0x000000008f100000|  0%| F|  |TAMS 0x000000008f000000, 0x000000008f000000| Untracked 
|  49|0x000000008f100000, 0x000000008f100000, 0x000000008f200000|  0%| F|  |TAMS 0x000000008f100000, 0x000000008f100000| Untracked 
|  50|0x000000008f200000, 0x000000008f200000, 0x000000008f300000|  0%| F|  |TAMS 0x000000008f200000, 0x000000008f200000| Untracked 
|  51|0x000000008f300000, 0x000000008f300000, 0x000000008f400000|  0%| F|  |TAMS 0x000000008f300000, 0x000000008f300000| Untracked 
|  52|0x000000008f400000, 0x000000008f400000, 0x000000008f500000|  0%| F|  |TAMS 0x000000008f400000, 0x000000008f400000| Untracked 
|  53|0x000000008f500000, 0x000000008f500000, 0x000000008f600000|  0%| F|  |TAMS 0x000000008f500000, 0x000000008f500000| Untracked 
|  54|0x000000008f600000, 0x000000008f600000, 0x000000008f700000|  0%| F|  |TAMS 0x000000008f600000, 0x000000008f600000| Untracked 
|  55|0x000000008f700000, 0x000000008f700000, 0x000000008f800000|  0%| F|  |TAMS 0x000000008f700000, 0x000000008f700000| Untracked 
|  56|0x000000008f800000, 0x000000008f800000, 0x000000008f900000|  0%| F|  |TAMS 0x000000008f800000, 0x000000008f800000| Untracked 
|  57|0x000000008f900000, 0x000000008f900000, 0x000000008fa00000|  0%| F|  |TAMS 0x000000008f900000, 0x000000008f900000| Untracked 
|  58|0x000000008fa00000, 0x000000008fa00000, 0x000000008fb00000|  0%| F|  |TAMS 0x000000008fa00000, 0x000000008fa00000| Untracked 
|  59|0x000000008fb00000, 0x000000008fb00000, 0x000000008fc00000|  0%| F|  |TAMS 0x000000008fb00000, 0x000000008fb00000| Untracked 
|  60|0x000000008fc00000, 0x000000008fc00000, 0x000000008fd00000|  0%| F|  |TAMS 0x000000008fc00000, 0x000000008fc00000| Untracked 
|  61|0x000000008fd00000, 0x000000008fd00000, 0x000000008fe00000|  0%| F|  |TAMS 0x000000008fd00000, 0x000000008fd00000| Untracked 
|  62|0x000000008fe00000, 0x000000008fe00000, 0x000000008ff00000|  0%| F|  |TAMS 0x000000008fe00000, 0x000000008fe00000| Untracked 
|  63|0x000000008ff00000, 0x000000008ff00000, 0x0000000090000000|  0%| F|  |TAMS 0x000000008ff00000, 0x000000008ff00000| Untracked 
|  64|0x0000000090000000, 0x0000000090000000, 0x0000000090100000|  0%| F|  |TAMS 0x0000000090000000, 0x0000000090000000| Untracked 
|  65|0x0000000090100000, 0x0000000090100000, 0x0000000090200000|  0%| F|  |TAMS 0x0000000090100000, 0x0000000090100000| Untracked 
|  66|0x0000000090200000, 0x0000000090200000, 0x0000000090300000|  0%| F|  |TAMS 0x0000000090200000, 0x0000000090200000| Untracked 
|  67|0x0000000090300000, 0x0000000090300000, 0x0000000090400000|  0%| F|  |TAMS 0x0000000090300000, 0x0000000090300000| Untracked 
|  68|0x0000000090400000, 0x0000000090400000, 0x0000000090500000|  0%| F|  |TAMS 0x0000000090400000, 0x0000000090400000| Untracked 
|  69|0x0000000090500000, 0x0000000090500000, 0x0000000090600000|  0%| F|  |TAMS 0x0000000090500000, 0x0000000090500000| Untracked 
|  70|0x0000000090600000, 0x0000000090600000, 0x0000000090700000|  0%| F|  |TAMS 0x0000000090600000, 0x0000000090600000| Untracked 
|  71|0x0000000090700000, 0x0000000090700000, 0x0000000090800000|  0%| F|  |TAMS 0x0000000090700000, 0x0000000090700000| Untracked 
|  72|0x0000000090800000, 0x0000000090800000, 0x0000000090900000|  0%| F|  |TAMS 0x0000000090800000, 0x0000000090800000| Untracked 
|  73|0x0000000090900000, 0x0000000090900000, 0x0000000090a00000|  0%| F|  |TAMS 0x0000000090900000, 0x0000000090900000| Untracked 
|  74|0x0000000090a00000, 0x0000000090a00000, 0x0000000090b00000|  0%| F|  |TAMS 0x0000000090a00000, 0x0000000090a00000| Untracked 
|  75|0x0000000090b00000, 0x0000000090b00000, 0x0000000090c00000|  0%| F|  |TAMS 0x0000000090b00000, 0x0000000090b00000| Untracked 
|  76|0x0000000090c00000, 0x0000000090c00000, 0x0000000090d00000|  0%| F|  |TAMS 0x0000000090c00000, 0x0000000090c00000| Untracked 
|  77|0x0000000090d00000, 0x0000000090d00000, 0x0000000090e00000|  0%| F|  |TAMS 0x0000000090d00000, 0x0000000090d00000| Untracked 
|  78|0x0000000090e00000, 0x0000000090e00000, 0x0000000090f00000|  0%| F|  |TAMS 0x0000000090e00000, 0x0000000090e00000| Untracked 
|  79|0x0000000090f00000, 0x0000000090f00000, 0x0000000091000000|  0%| F|  |TAMS 0x0000000090f00000, 0x0000000090f00000| Untracked 
|  80|0x0000000091000000, 0x0000000091000000, 0x0000000091100000|  0%| F|  |TAMS 0x0000000091000000, 0x0000000091000000| Untracked 
|  81|0x0000000091100000, 0x0000000091100000, 0x0000000091200000|  0%| F|  |TAMS 0x0000000091100000, 0x0000000091100000| Untracked 
|  82|0x0000000091200000, 0x0000000091200000, 0x0000000091300000|  0%| F|  |TAMS 0x0000000091200000, 0x0000000091200000| Untracked 
|  83|0x0000000091300000, 0x0000000091300000, 0x0000000091400000|  0%| F|  |TAMS 0x0000000091300000, 0x0000000091300000| Untracked 
|  84|0x0000000091400000, 0x0000000091400000, 0x0000000091500000|  0%| F|  |TAMS 0x0000000091400000, 0x0000000091400000| Untracked 
|  85|0x0000000091500000, 0x0000000091500000, 0x0000000091600000|  0%| F|  |TAMS 0x0000000091500000, 0x0000000091500000| Untracked 
|  86|0x0000000091600000, 0x0000000091600000, 0x0000000091700000|  0%| F|  |TAMS 0x0000000091600000, 0x0000000091600000| Untracked 
|  87|0x0000000091700000, 0x0000000091700000, 0x0000000091800000|  0%| F|  |TAMS 0x0000000091700000, 0x0000000091700000| Untracked 
|  88|0x0000000091800000, 0x0000000091800000, 0x0000000091900000|  0%| F|  |TAMS 0x0000000091800000, 0x0000000091800000| Untracked 
|  89|0x0000000091900000, 0x0000000091900000, 0x0000000091a00000|  0%| F|  |TAMS 0x0000000091900000, 0x0000000091900000| Untracked 
|  90|0x0000000091a00000, 0x0000000091b00000, 0x0000000091b00000|100%| S|CS|TAMS 0x0000000091a00000, 0x0000000091a00000| Complete 
|  91|0x0000000091b00000, 0x0000000091c00000, 0x0000000091c00000|100%| S|CS|TAMS 0x0000000091b00000, 0x0000000091b00000| Complete 
|  92|0x0000000091c00000, 0x0000000091d00000, 0x0000000091d00000|100%| S|CS|TAMS 0x0000000091c00000, 0x0000000091c00000| Complete 
|  93|0x0000000091d00000, 0x0000000091d00000, 0x0000000091e00000|  0%| F|  |TAMS 0x0000000091d00000, 0x0000000091d00000| Untracked 
|  94|0x0000000091e00000, 0x0000000091e00000, 0x0000000091f00000|  0%| F|  |TAMS 0x0000000091e00000, 0x0000000091e00000| Untracked 
|  95|0x0000000091f00000, 0x0000000091f00000, 0x0000000092000000|  0%| F|  |TAMS 0x0000000091f00000, 0x0000000091f00000| Untracked 
|  96|0x0000000092000000, 0x0000000092000000, 0x0000000092100000|  0%| F|  |TAMS 0x0000000092000000, 0x0000000092000000| Untracked 
|  97|0x0000000092100000, 0x0000000092180800, 0x0000000092200000| 50%| E|  |TAMS 0x0000000092100000, 0x0000000092100000| Complete 
|  98|0x0000000092200000, 0x0000000092300000, 0x0000000092300000|100%| E|CS|TAMS 0x0000000092200000, 0x0000000092200000| Complete 
|  99|0x0000000092300000, 0x0000000092400000, 0x0000000092400000|100%| E|CS|TAMS 0x0000000092300000, 0x0000000092300000| Complete 
| 100|0x0000000092400000, 0x0000000092500000, 0x0000000092500000|100%| E|CS|TAMS 0x0000000092400000, 0x0000000092400000| Complete 
| 101|0x0000000092500000, 0x0000000092600000, 0x0000000092600000|100%| E|CS|TAMS 0x0000000092500000, 0x0000000092500000| Complete 
| 102|0x0000000092600000, 0x0000000092700000, 0x0000000092700000|100%| E|CS|TAMS 0x0000000092600000, 0x0000000092600000| Complete 
| 103|0x0000000092700000, 0x0000000092800000, 0x0000000092800000|100%| E|CS|TAMS 0x0000000092700000, 0x0000000092700000| Complete 
| 104|0x0000000092800000, 0x0000000092900000, 0x0000000092900000|100%| E|CS|TAMS 0x0000000092800000, 0x0000000092800000| Complete 
| 105|0x0000000092900000, 0x0000000092a00000, 0x0000000092a00000|100%| E|CS|TAMS 0x0000000092900000, 0x0000000092900000| Complete 
| 106|0x0000000092a00000, 0x0000000092b00000, 0x0000000092b00000|100%| E|CS|TAMS 0x0000000092a00000, 0x0000000092a00000| Complete 
| 107|0x0000000092b00000, 0x0000000092c00000, 0x0000000092c00000|100%| E|CS|TAMS 0x0000000092b00000, 0x0000000092b00000| Complete 
| 108|0x0000000092c00000, 0x0000000092d00000, 0x0000000092d00000|100%| E|CS|TAMS 0x0000000092c00000, 0x0000000092c00000| Complete 
| 109|0x0000000092d00000, 0x0000000092e00000, 0x0000000092e00000|100%| E|CS|TAMS 0x0000000092d00000, 0x0000000092d00000| Complete 
| 110|0x0000000092e00000, 0x0000000092f00000, 0x0000000092f00000|100%| E|CS|TAMS 0x0000000092e00000, 0x0000000092e00000| Complete 
| 111|0x0000000092f00000, 0x0000000093000000, 0x0000000093000000|100%| E|CS|TAMS 0x0000000092f00000, 0x0000000092f00000| Complete 
| 112|0x0000000093000000, 0x0000000093100000, 0x0000000093100000|100%| E|CS|TAMS 0x0000000093000000, 0x0000000093000000| Complete 
| 113|0x0000000093100000, 0x0000000093200000, 0x0000000093200000|100%| E|CS|TAMS 0x0000000093100000, 0x0000000093100000| Complete 
| 114|0x0000000093200000, 0x0000000093300000, 0x0000000093300000|100%| E|CS|TAMS 0x0000000093200000, 0x0000000093200000| Complete 
| 115|0x0000000093300000, 0x0000000093400000, 0x0000000093400000|100%| E|CS|TAMS 0x0000000093300000, 0x0000000093300000| Complete 

Card table byte_map: [0x000001b377c20000,0x000001b377fc0000] _byte_map_base: 0x000001b3777c0000

Marking Bits (Prev, Next): (CMBitMap*) 0x000001b360c98bc0, (CMBitMap*) 0x000001b360c98c00
 Prev Bits: [0x000001b378360000, 0x000001b37a060000)
 Next Bits: [0x000001b37a060000, 0x000001b37bd60000)

Polling page: 0x000001b35eba0000

Metaspace:

Usage:
  Non-class:      8.30 MB used.
      Class:      1.21 MB used.
       Both:      9.51 MB used.

Virtual space:
  Non-class space:       64.00 MB reserved,       8.44 MB ( 13%) committed,  1 nodes.
      Class space:        1.00 GB reserved,       1.31 MB ( <1%) committed,  1 nodes.
             Both:        1.06 GB reserved,       9.75 MB ( <1%) committed. 

Chunk freelists:
   Non-Class:  7.03 MB
       Class:  14.69 MB
        Both:  21.72 MB

MaxMetaspaceSize: unlimited
CompressedClassSpaceSize: 1.00 GB
Initial GC threshold: 21.00 MB
Current GC threshold: 21.00 MB
CDS: on
MetaspaceReclaimPolicy: balanced
 - commit_granule_bytes: 65536.
 - commit_granule_words: 8192.
 - virtual_space_node_default_size: 8388608.
 - enlarge_chunks_in_place: 1.
 - new_chunks_are_fully_committed: 0.
 - uncommit_free_chunks: 1.
 - use_allocation_guard: 0.
 - handle_deallocations: 1.


Internal statistics:

num_allocs_failed_limit: 0.
num_arena_births: 168.
num_arena_deaths: 0.
num_vsnodes_births: 2.
num_vsnodes_deaths: 0.
num_space_committed: 156.
num_space_uncommitted: 0.
num_chunks_returned_to_freelist: 0.
num_chunks_taken_from_freelist: 508.
num_chunk_merges: 0.
num_chunk_splits: 303.
num_chunks_enlarged: 209.
num_inconsistent_stats: 0.

CodeHeap 'non-profiled nmethods': size=120000Kb used=585Kb max_used=585Kb free=119414Kb
 bounds [0x000001b370020000, 0x000001b370290000, 0x000001b377550000]
CodeHeap 'profiled nmethods': size=120000Kb used=3369Kb max_used=3369Kb free=116630Kb
 bounds [0x000001b368550000, 0x000001b3688a0000, 0x000001b36fa80000]
CodeHeap 'non-nmethods': size=5760Kb used=1173Kb max_used=1202Kb free=4586Kb
 bounds [0x000001b36fa80000, 0x000001b36fcf0000, 0x000001b370020000]
 total_blobs=2135 nmethods=1671 adapters=376
 compilation: enabled
              stopped_count=0, restarted_count=0
 full_count=0

Compilation events (20 events):
Event: 3.467 Thread 0x000001b37e7b9b50 1657       3       sun.reflect.generics.factory.CoreReflectionFactory::<init> (15 bytes)
Event: 3.467 Thread 0x000001b37e7b9b50 nmethod 1657 0x000001b36888ac90 code [0x000001b36888ae40, 0x000001b36888b058]
Event: 3.478 Thread 0x000001b37e7b9b50 1658   !   3       org.springframework.util.ConcurrentReferenceHashMap$Segment::clear (69 bytes)
Event: 3.479 Thread 0x000001b37e7b9b50 nmethod 1658 0x000001b36888b110 code [0x000001b36888b360, 0x000001b36888beb8]
Event: 3.525 Thread 0x000001b37e7b9b50 1659       1       java.lang.invoke.VarHandle::isDirect (2 bytes)
Event: 3.525 Thread 0x000001b37e7b9b50 nmethod 1659 0x000001b3700b1b10 code [0x000001b3700b1ca0, 0x000001b3700b1d78]
Event: 3.577 Thread 0x000001b37e7b9b50 1660       3       sun.invoke.util.VerifyAccess::isModuleAccessible (97 bytes)
Event: 3.578 Thread 0x000001b37e7b9b50 nmethod 1660 0x000001b36888c290 code [0x000001b36888c560, 0x000001b36888d268]
Event: 3.597 Thread 0x000001b37e7b9b50 1661       1       org.springframework.core.ResolvableType::resolve (5 bytes)
Event: 3.597 Thread 0x000001b37e7b9b50 nmethod 1661 0x000001b3700b1e10 code [0x000001b3700b1fa0, 0x000001b3700b2078]
Event: 3.599 Thread 0x000001b37e7b9b50 1662       3       java.util.Collections::singletonIterator (9 bytes)
Event: 3.599 Thread 0x000001b37e7b9b50 nmethod 1662 0x000001b36888d710 code [0x000001b36888d8c0, 0x000001b36888db38]
Event: 3.599 Thread 0x000001b37e7b9b50 1663       3       java.util.Collections$1::<init> (15 bytes)
Event: 3.599 Thread 0x000001b37e7b9b50 nmethod 1663 0x000001b36888dc10 code [0x000001b36888dda0, 0x000001b36888df78]
Event: 3.616 Thread 0x000001b37e7b9b50 1664       3       java.lang.invoke.VarHandle::checkExactAccessMode (28 bytes)
Event: 3.617 Thread 0x000001b37e7b9b50 nmethod 1664 0x000001b36888e010 code [0x000001b36888e240, 0x000001b36888ebf8]
Event: 3.617 Thread 0x000001b37e7b9b50 1665       3       java.lang.invoke.VarForm::getMemberName (20 bytes)
Event: 3.617 Thread 0x000001b37e7b9b50 nmethod 1665 0x000001b36888f010 code [0x000001b36888f1e0, 0x000001b36888f4f8]
Event: 3.617 Thread 0x000001b37e7b9b50 1666       3       java.lang.invoke.VarForm::getMemberNameOrNull (19 bytes)
Event: 3.618 Thread 0x000001b37e7b9b50 nmethod 1666 0x000001b36888f690 code [0x000001b36888f840, 0x000001b36888f9e8]

GC Heap History (2 events):
Event: 2.047 GC heap before
{Heap before GC invocations=0 (full 0):
 garbage-first heap   total 118784K, used 23552K [0x000000008c000000, 0x0000000100000000)
  region size 1024K, 23 young (23552K), 0 survivors (0K)
 Metaspace       used 5022K, committed 5248K, reserved 1114112K
  class space    used 629K, committed 768K, reserved 1048576K
}
Event: 2.057 GC heap after
{Heap after GC invocations=1 (full 0):
 garbage-first heap   total 118784K, used 6825K [0x000000008c000000, 0x0000000100000000)
  region size 1024K, 3 young (3072K), 3 survivors (3072K)
 Metaspace       used 5022K, committed 5248K, reserved 1114112K
  class space    used 629K, committed 768K, reserved 1048576K
}

Deoptimization events (20 events):
Event: 3.028 Thread 0x000001b360c43ed0 Uncommon trap: trap_request=0xffffff45 fr.pc=0x000001b37008f20c relative=0x000000000000048c
Event: 3.028 Thread 0x000001b360c43ed0 Uncommon trap: reason=unstable_if action=reinterpret pc=0x000001b37008f20c method=java.util.zip.ZipCoder.hash(Ljava/lang/String;)I @ 23 c2
Event: 3.028 Thread 0x000001b360c43ed0 DEOPT PACKING pc=0x000001b37008f20c sp=0x0000005fc86fc5d0
Event: 3.028 Thread 0x000001b360c43ed0 DEOPT UNPACKING pc=0x000001b36fad23a3 sp=0x0000005fc86fc4e8 mode 2
Event: 3.028 Thread 0x000001b360c43ed0 Uncommon trap: trap_request=0xffffff45 fr.pc=0x000001b370044330 relative=0x0000000000000210
Event: 3.028 Thread 0x000001b360c43ed0 Uncommon trap: reason=unstable_if action=reinterpret pc=0x000001b370044330 method=java.util.zip.ZipCoder.hash(Ljava/lang/String;)I @ 23 c2
Event: 3.028 Thread 0x000001b360c43ed0 DEOPT PACKING pc=0x000001b370044330 sp=0x0000005fc86fc550
Event: 3.028 Thread 0x000001b360c43ed0 DEOPT UNPACKING pc=0x000001b36fad23a3 sp=0x0000005fc86fc4e8 mode 2
Event: 3.033 Thread 0x000001b360c43ed0 Uncommon trap: trap_request=0xffffff45 fr.pc=0x000001b370030ac0 relative=0x0000000000000040
Event: 3.033 Thread 0x000001b360c43ed0 Uncommon trap: reason=unstable_if action=reinterpret pc=0x000001b370030ac0 method=sun.nio.fs.WindowsPathParser.isSlash(C)Z @ 9 c2
Event: 3.033 Thread 0x000001b360c43ed0 DEOPT PACKING pc=0x000001b370030ac0 sp=0x0000005fc86fc850
Event: 3.033 Thread 0x000001b360c43ed0 DEOPT UNPACKING pc=0x000001b36fad23a3 sp=0x0000005fc86fc7d8 mode 2
Event: 3.196 Thread 0x000001b360c43ed0 Uncommon trap: trap_request=0xffffff45 fr.pc=0x000001b3700b015c relative=0x0000000000000afc
Event: 3.197 Thread 0x000001b360c43ed0 Uncommon trap: reason=unstable_if action=reinterpret pc=0x000001b3700b015c method=jdk.internal.org.objectweb.asm.SymbolTable.put(Ljdk/internal/org/objectweb/asm/SymbolTable$Entry;)Ljdk/internal/org/objectweb/asm/SymbolTable$Entry; @ 13 c2
Event: 3.197 Thread 0x000001b360c43ed0 DEOPT PACKING pc=0x000001b3700b015c sp=0x0000005fc86fb600
Event: 3.197 Thread 0x000001b360c43ed0 DEOPT UNPACKING pc=0x000001b36fad23a3 sp=0x0000005fc86fb540 mode 2
Event: 3.447 Thread 0x000001b360c43ed0 Uncommon trap: trap_request=0xffffff45 fr.pc=0x000001b3700676b0 relative=0x0000000000000090
Event: 3.447 Thread 0x000001b360c43ed0 Uncommon trap: reason=unstable_if action=reinterpret pc=0x000001b3700676b0 method=sun.reflect.generics.parser.SignatureParser.current()C @ 39 c2
Event: 3.447 Thread 0x000001b360c43ed0 DEOPT PACKING pc=0x000001b3700676b0 sp=0x0000005fc86fb790
Event: 3.447 Thread 0x000001b360c43ed0 DEOPT UNPACKING pc=0x000001b36fad23a3 sp=0x0000005fc86fb728 mode 2

Classes unloaded (0 events):
No events

Classes redefined (0 events):
No events

Internal exceptions (20 events):
Event: 1.801 Thread 0x000001b360c43ed0 Exception <a 'java/lang/NoSuchMethodError'{0x000000009207e538}: 'int java.lang.invoke.DirectMethodHandle$Holder.invokeStatic(java.lang.Object, java.lang.Object, java.lang.Object, java.lang.Object, java.lang.Object)'> (0x000000009207e538) 
thrown [s\open\src\hotspot\share\interpreter\linkResolver.cpp, line 759]
Event: 1.828 Thread 0x000001b360c43ed0 Exception <a 'java/lang/NoSuchMethodError'{0x00000000920cf680}: 'void java.lang.invoke.DirectMethodHandle$Holder.invokeStaticInit(java.lang.Object)'> (0x00000000920cf680) 
thrown [s\open\src\hotspot\share\interpreter\linkResolver.cpp, line 759]
Event: 1.866 Thread 0x000001b360c43ed0 Exception <a 'java/lang/NoSuchMethodError'{0x0000000091f77db8}: 'void java.lang.invoke.DirectMethodHandle$Holder.invokeStaticInit(java.lang.Object, java.lang.Object, java.lang.Object, java.lang.Object)'> (0x0000000091f77db8) 
thrown [s\open\src\hotspot\share\interpreter\linkResolver.cpp, line 759]
Event: 1.893 Thread 0x000001b360c43ed0 Exception <a 'java/lang/NoSuchMethodError'{0x0000000091fe19f0}: 'int java.lang.invoke.DirectMethodHandle$Holder.invokeStaticInit(java.lang.Object, java.lang.Object)'> (0x0000000091fe19f0) 
thrown [s\open\src\hotspot\share\interpreter\linkResolver.cpp, line 759]
Event: 2.196 Thread 0x000001b360c43ed0 Exception <a 'java/lang/ClassNotFoundException'{0x000000009326b320}: javax/smartcardio/CardPermission> (0x000000009326b320) 
thrown [s\open\src\hotspot\share\classfile\systemDictionary.cpp, line 256]
Event: 2.203 Thread 0x000001b360c43ed0 Exception <a 'java/io/FileNotFoundException'{0x0000000093279fd0}> (0x0000000093279fd0) 
thrown [s\open\src\hotspot\share\prims\jni.cpp, line 516]
Event: 2.254 Thread 0x000001b360c43ed0 Exception <a 'java/lang/NoSuchMethodError'{0x00000000932f9f80}: 'java.lang.Object java.lang.invoke.DirectMethodHandle$Holder.invokeSpecial(java.lang.Object, java.lang.Object, java.lang.Object, long, java.lang.Object)'> (0x00000000932f9f80) 
thrown [s\open\src\hotspot\share\interpreter\linkResolver.cpp, line 759]
Event: 2.254 Thread 0x000001b360c43ed0 Exception <a 'java/lang/NoSuchMethodError'{0x00000000932fddf8}: 'java.lang.Object java.lang.invoke.Invokers$Holder.linkToTargetMethod(java.lang.Object, long, java.lang.Object, java.lang.Object)'> (0x00000000932fddf8) 
thrown [s\open\src\hotspot\share\interpreter\linkResolver.cpp, line 759]
Event: 2.542 Thread 0x000001b360c43ed0 Exception <a 'java/lang/NoSuchMethodError'{0x0000000092d210a0}: 'int java.lang.invoke.DirectMethodHandle$Holder.invokeStaticInit(java.lang.Object, java.lang.Object, java.lang.Object)'> (0x0000000092d210a0) 
thrown [s\open\src\hotspot\share\interpreter\linkResolver.cpp, line 759]
Event: 2.597 Thread 0x000001b360c43ed0 Exception <a 'java/lang/NoSuchMethodError'{0x0000000092c35658}: 'int java.lang.invoke.DirectMethodHandle$Holder.invokeInterface(java.lang.Object, java.lang.Object)'> (0x0000000092c35658) 
thrown [s\open\src\hotspot\share\interpreter\linkResolver.cpp, line 759]
Event: 2.649 Thread 0x000001b360c43ed0 Exception <a 'java/lang/NoSuchMethodError'{0x0000000092b2b348}: 'void java.lang.invoke.DirectMethodHandle$Holder.invokeStaticInit(java.lang.Object, java.lang.Object)'> (0x0000000092b2b348) 
thrown [s\open\src\hotspot\share\interpreter\linkResolver.cpp, line 759]
Event: 2.715 Thread 0x000001b360c43ed0 Exception <a 'java/lang/NoSuchMethodError'{0x0000000092bd89a8}: 'int java.lang.invoke.DirectMethodHandle$Holder.invokeVirtual(java.lang.Object, java.lang.Object, java.lang.Object)'> (0x0000000092bd89a8) 
thrown [s\open\src\hotspot\share\interpreter\linkResolver.cpp, line 759]
Event: 2.914 Thread 0x000001b360c43ed0 Exception <a 'java/lang/IncompatibleClassChangeError'{0x00000000929def58}: Found class java.lang.Object, but interface was expected> (0x00000000929def58) 
thrown [s\open\src\hotspot\share\interpreter\linkResolver.cpp, line 826]
Event: 3.022 Thread 0x000001b360c43ed0 Exception <a 'java/lang/NoSuchMethodError'{0x000000009270ded0}: 'int java.lang.invoke.DirectMethodHandle$Holder.invokeSpecial(java.lang.Object, java.lang.Object, java.lang.Object, java.lang.Object)'> (0x000000009270ded0) 
thrown [s\open\src\hotspot\share\interpreter\linkResolver.cpp, line 759]
Event: 3.034 Thread 0x000001b360c43ed0 Exception <a 'sun/nio/fs/WindowsException'{0x000000009272d878}> (0x000000009272d878) 
thrown [s\open\src\hotspot\share\prims\jni.cpp, line 516]
Event: 3.037 Thread 0x000001b360c43ed0 Exception <a 'java/lang/NoSuchMethodError'{0x000000009272f260}: 'int java.lang.invoke.DirectMethodHandle$Holder.invokeSpecial(java.lang.Object, java.lang.Object, java.lang.Object, java.lang.Object, java.lang.Object)'> (0x000000009272f260) 
thrown [s\open\src\hotspot\share\interpreter\linkResolver.cpp, line 759]
Event: 3.048 Thread 0x000001b360c43ed0 Exception <a 'java/lang/NoSuchMethodError'{0x0000000092738398}: 'void java.lang.invoke.DirectMethodHandle$Holder.invokeVirtual(java.lang.Object, java.lang.Object)'> (0x0000000092738398) 
thrown [s\open\src\hotspot\share\interpreter\linkResolver.cpp, line 759]
Event: 3.119 Thread 0x000001b360c43ed0 Exception <a 'sun/nio/fs/WindowsException'{0x0000000092630258}> (0x0000000092630258) 
thrown [s\open\src\hotspot\share\prims\jni.cpp, line 516]
Event: 3.135 Thread 0x000001b360c43ed0 Exception <a 'sun/nio/fs/WindowsException'{0x0000000092640aa8}> (0x0000000092640aa8) 
thrown [s\open\src\hotspot\share\prims\jni.cpp, line 516]
Event: 3.300 Thread 0x000001b360c43ed0 Exception <a 'java/lang/NoSuchMethodError'{0x00000000925bd808}: 'void java.lang.invoke.DirectMethodHandle$Holder.invokeVirtual(java.lang.Object, java.lang.Object, java.lang.Object, java.lang.Object)'> (0x00000000925bd808) 
thrown [s\open\src\hotspot\share\interpreter\linkResolver.cpp, line 759]

VM Operations (20 events):
Event: 2.045 Executing VM operation: G1CollectForAllocation
Event: 2.057 Executing VM operation: G1CollectForAllocation done
Event: 2.088 Executing VM operation: HandshakeAllThreads
Event: 2.088 Executing VM operation: HandshakeAllThreads done
Event: 2.310 Executing VM operation: HandshakeAllThreads
Event: 2.310 Executing VM operation: HandshakeAllThreads done
Event: 2.334 Executing VM operation: HandshakeAllThreads
Event: 2.334 Executing VM operation: HandshakeAllThreads done
Event: 2.411 Executing VM operation: HandshakeAllThreads
Event: 2.411 Executing VM operation: HandshakeAllThreads done
Event: 2.412 Executing VM operation: HandshakeAllThreads
Event: 2.412 Executing VM operation: HandshakeAllThreads done
Event: 2.599 Executing VM operation: HandshakeAllThreads
Event: 2.599 Executing VM operation: HandshakeAllThreads done
Event: 2.970 Executing VM operation: HandshakeAllThreads
Event: 2.970 Executing VM operation: HandshakeAllThreads done
Event: 3.287 Executing VM operation: HandshakeAllThreads
Event: 3.287 Executing VM operation: HandshakeAllThreads done
Event: 3.287 Executing VM operation: Cleanup
Event: 3.288 Executing VM operation: Cleanup done

Events (20 events):
Event: 3.450 loading class sun/reflect/generics/reflectiveObjects/LazyReflectiveObjectGenerator done
Event: 3.450 loading class sun/reflect/generics/reflectiveObjects/TypeVariableImpl done
Event: 3.477 loading class sun/reflect/generics/tree/BottomSignature
Event: 3.477 loading class sun/reflect/generics/tree/BottomSignature done
Event: 3.477 loading class sun/reflect/generics/tree/Wildcard
Event: 3.477 loading class sun/reflect/generics/tree/Wildcard done
Event: 3.477 loading class sun/reflect/generics/reflectiveObjects/WildcardTypeImpl
Event: 3.477 loading class java/lang/reflect/WildcardType
Event: 3.477 loading class java/lang/reflect/WildcardType done
Event: 3.477 loading class sun/reflect/generics/reflectiveObjects/WildcardTypeImpl done
Event: 3.477 loading class sun/reflect/generics/tree/TypeVariableSignature
Event: 3.478 loading class sun/reflect/generics/tree/TypeVariableSignature done
Event: 3.489 loading class java/util/Currency
Event: 3.498 loading class java/util/Currency done
Event: 3.502 loading class java/util/UUID
Event: 3.504 loading class java/util/UUID done
Event: 3.579 loading class java/text/ParseException
Event: 3.580 loading class java/text/ParseException done
Event: 3.628 loading class java/time/OffsetDateTime
Event: 3.629 loading class java/time/OffsetDateTime done


Dynamic libraries:
0x00007ff70db50000 - 0x00007ff70db60000 	C:\Program Files\Java\jdk-17\bin\javaw.exe
0x00007ffe05ee0000 - 0x00007ffe06147000 	C:\WINDOWS\SYSTEM32\ntdll.dll
0x00007ffe04f00000 - 0x00007ffe04fc9000 	C:\WINDOWS\System32\KERNEL32.DLL
0x00007ffe02bd0000 - 0x00007ffe02fc4000 	C:\WINDOWS\System32\KERNELBASE.dll
0x00007ffe02910000 - 0x00007ffe02a5b000 	C:\WINDOWS\System32\ucrtbase.dll
0x00007ffde9270000 - 0x00007ffde9289000 	C:\Program Files\Java\jdk-17\bin\jli.dll
0x00007ffddf740000 - 0x00007ffddf75b000 	C:\Program Files\Java\jdk-17\bin\VCRUNTIME140.dll
0x00007ffe057f0000 - 0x00007ffe058a6000 	C:\WINDOWS\System32\ADVAPI32.dll
0x00007ffe052a0000 - 0x00007ffe05349000 	C:\WINDOWS\System32\msvcrt.dll
0x00007ffe04090000 - 0x00007ffe04137000 	C:\WINDOWS\System32\sechost.dll
0x00007ffe04370000 - 0x00007ffe04488000 	C:\WINDOWS\System32\RPCRT4.dll
0x00007ffe05620000 - 0x00007ffe057e5000 	C:\WINDOWS\System32\USER32.dll
0x00007ffe03310000 - 0x00007ffe03337000 	C:\WINDOWS\System32\win32u.dll
0x00007ffe05530000 - 0x00007ffe0555b000 	C:\WINDOWS\System32\GDI32.dll
0x00007ffe031e0000 - 0x00007ffe0330b000 	C:\WINDOWS\System32\gdi32full.dll
0x00007ffe02860000 - 0x00007ffe02903000 	C:\WINDOWS\System32\msvcp_win.dll
0x00007ffdea400000 - 0x00007ffdea693000 	C:\WINDOWS\WinSxS\amd64_microsoft.windows.common-controls_6595b64144ccf1df_6.0.26100.8115_none_3e075c82e3354f9c\COMCTL32.dll
0x00007ffdf57a0000 - 0x00007ffdf57ab000 	C:\WINDOWS\SYSTEM32\VERSION.dll
0x00007ffe04330000 - 0x00007ffe04362000 	C:\WINDOWS\System32\IMM32.DLL
0x00007ffddf710000 - 0x00007ffddf71c000 	C:\Program Files\Java\jdk-17\bin\vcruntime140_1.dll
0x00007ffdde070000 - 0x00007ffdde0fe000 	C:\Program Files\Java\jdk-17\bin\msvcp140.dll
0x00007ffddb810000 - 0x00007ffddc3f0000 	C:\Program Files\Java\jdk-17\bin\server\jvm.dll
0x00007ffe04320000 - 0x00007ffe04328000 	C:\WINDOWS\System32\PSAPI.DLL
0x00007ffde5810000 - 0x00007ffde581a000 	C:\WINDOWS\SYSTEM32\WSOCK32.dll
0x00007ffdf99c0000 - 0x00007ffdf99f6000 	C:\WINDOWS\SYSTEM32\WINMM.dll
0x00007ffe05590000 - 0x00007ffe05610000 	C:\WINDOWS\System32\WS2_32.dll
0x00007ffe01540000 - 0x00007ffe0155b000 	C:\WINDOWS\SYSTEM32\kernel.appcore.dll
0x00007ffde1810000 - 0x00007ffde181a000 	C:\Program Files\Java\jdk-17\bin\jimage.dll
0x00007ffe00760000 - 0x00007ffe009a2000 	C:\WINDOWS\SYSTEM32\DBGHELP.DLL
0x00007ffe03c80000 - 0x00007ffe04002000 	C:\WINDOWS\System32\combase.dll
0x00007ffe04140000 - 0x00007ffe04218000 	C:\WINDOWS\System32\OLEAUT32.dll
0x00007ffde40e0000 - 0x00007ffde411b000 	C:\WINDOWS\SYSTEM32\dbgcore.DLL
0x00007ffe027b0000 - 0x00007ffe02855000 	C:\WINDOWS\System32\bcryptPrimitives.dll
0x00007ffddde00000 - 0x00007ffddde25000 	C:\Program Files\Java\jdk-17\bin\java.dll
0x00007ffddae80000 - 0x00007ffddaf57000 	C:\Program Files\Java\jdk-17\bin\jsvml.dll
0x00007ffe04760000 - 0x00007ffe04ec7000 	C:\WINDOWS\System32\SHELL32.dll
0x00007ffe02a60000 - 0x00007ffe02bca000 	C:\WINDOWS\System32\wintypes.dll
0x00007ffe03400000 - 0x00007ffe03c68000 	C:\WINDOWS\System32\windows.storage.dll
0x00007ffe04490000 - 0x00007ffe04588000 	C:\WINDOWS\System32\SHCORE.dll
0x00007ffe042b0000 - 0x00007ffe04316000 	C:\WINDOWS\System32\shlwapi.dll
0x00007ffe026d0000 - 0x00007ffe026f9000 	C:\WINDOWS\SYSTEM32\profapi.dll
0x00007ffdddd10000 - 0x00007ffdddd29000 	C:\Program Files\Java\jdk-17\bin\net.dll
0x00007ffdf8b20000 - 0x00007ffdf8c4d000 	C:\WINDOWS\SYSTEM32\WINHTTP.dll
0x00007ffe01ab0000 - 0x00007ffe01b1c000 	C:\WINDOWS\system32\mswsock.dll
0x00007ffddada0000 - 0x00007ffddadb6000 	C:\Program Files\Java\jdk-17\bin\nio.dll
0x00007ffddacc0000 - 0x00007ffddacd8000 	C:\Program Files\Java\jdk-17\bin\zip.dll
0x00007ffe00f70000 - 0x00007ffe00fa2000 	C:\WINDOWS\SYSTEM32\IPHLPAPI.DLL
0x00007ffe04ed0000 - 0x00007ffe04eda000 	C:\WINDOWS\System32\NSI.dll
0x00007ffdf92d0000 - 0x00007ffdf92ed000 	C:\WINDOWS\SYSTEM32\dhcpcsvc6.DLL
0x00007ffdf8a50000 - 0x00007ffdf8a75000 	C:\WINDOWS\SYSTEM32\dhcpcsvc.DLL
0x00007ffe01010000 - 0x00007ffe01142000 	C:\WINDOWS\SYSTEM32\DNSAPI.dll

dbghelp: loaded successfully - version: 4.0.5 - missing functions: none
symbol engine: initialized successfully - sym options: 0x614 - pdb path: .;C:\Program Files\Java\jdk-17\bin;C:\WINDOWS\SYSTEM32;C:\WINDOWS\WinSxS\amd64_microsoft.windows.common-controls_6595b64144ccf1df_6.0.26100.8115_none_3e075c82e3354f9c;C:\Program Files\Java\jdk-17\bin\server

VM Arguments:
jvm_args: -ea -Dfile.encoding=UTF-8 -Dstdout.encoding=UTF-8 -Dstderr.encoding=UTF-8 -XX:+ShowCodeDetailsInExceptionMessages 
java_command: org.eclipse.jdt.internal.junit.runner.RemoteTestRunner -version 3 -port 56912 -testLoaderClass org.eclipse.jdt.internal.junit5.runner.JUnit5TestLoader -loaderpluginname org.eclipse.jdt.junit5.runtime -classNames com.example.demo.apiendpoint.VirtualGoldHoldingsApiTest
java_class_path (initial): C:\Users\shrut\OneDrive\java\Digital Gold Wallet\Digital-Gold-Wallet\target\test-classes;C:\Users\shrut\OneDrive\java\Digital Gold Wallet\Digital-Gold-Wallet\target\classes;C:\Users\shrut\.m2\repository\org\springframework\boot\spring-boot-starter-data-jpa\3.3.0\spring-boot-starter-data-jpa-3.3.0.jar;C:\Users\shrut\.m2\repository\org\springframework\boot\spring-boot-starter-aop\3.3.0\spring-boot-starter-aop-3.3.0.jar;C:\Users\shrut\.m2\repository\org\springframework\spring-aop\6.1.8\spring-aop-6.1.8.jar;C:\Users\shrut\.m2\repository\org\aspectj\aspectjweaver\1.9.22\aspectjweaver-1.9.22.jar;C:\Users\shrut\.m2\repository\org\springframework\boot\spring-boot-starter-jdbc\3.3.0\spring-boot-starter-jdbc-3.3.0.jar;C:\Users\shrut\.m2\repository\com\zaxxer\HikariCP\5.1.0\HikariCP-5.1.0.jar;C:\Users\shrut\.m2\repository\org\springframework\spring-jdbc\6.1.8\spring-jdbc-6.1.8.jar;C:\Users\shrut\.m2\repository\org\hibernate\orm\hibernate-core\6.5.2.Final\hibernate-core-6.5.2.Final.jar;C:\Users\shrut\.m2\repository\jakarta\persistence\jakarta.persistence-api\3.1.0\jakarta.persistence-api-3.1.0.jar;C:\Users\shrut\.m2\repository\jakarta\transaction\jakarta.transaction-api\2.0.1\jakarta.transaction-api-2.0.1.jar;C:\Users\shrut\.m2\repository\org\jboss\logging\jboss-logging\3.5.3.Final\jboss-logging-3.5.3.Final.jar;C:\Users\shrut\.m2\repository\org\hibernate\common\hibernate-commons-annotations\6.0.6.Final\hibernate-commons-annotations-6.0.6.Final.jar;C:\Users\shrut\.m2\repository\io\smallrye\jandex\3.1.2\jandex-3.1.2.jar;C:\Users\shrut\.m2\repository\com\fasterxml\classmate\1.7.0\classmate-1.7.0.jar;C:\Users\shrut\.m2\repository\net\bytebuddy\byte-buddy\1.14.16\byte-buddy-1.14.16.jar;C:\Users\shrut\.m2\repository\org\glassfish\jaxb\jaxb-runtime\4.0.5\jaxb-runtime-4.0.5.jar;C:\Users\shrut\.m2\repository\org\glassfish\jaxb\jaxb-core\4.0.5\jaxb-core-4.0.5.jar;C:\Users\shrut\.m2\repository\org\eclipse\angus\angus-activation\2.0.2\angus-activation-2.0.2.jar
Launcher Type: SUN_STANDARD

[Global flags]
     intx CICompilerCount                          = 4                                         {product} {ergonomic}
     uint ConcGCThreads                            = 2                                         {product} {ergonomic}
     uint G1ConcRefinementThreads                  = 8                                         {product} {ergonomic}
   size_t G1HeapRegionSize                         = 1048576                                   {product} {ergonomic}
    uintx GCDrainStackTargetSize                   = 64                                        {product} {ergonomic}
   size_t InitialHeapSize                          = 121634816                                 {product} {ergonomic}
   size_t MarkStackSize                            = 4194304                                   {product} {ergonomic}
   size_t MaxHeapSize                              = 1946157056                                {product} {ergonomic}
   size_t MaxNewSize                               = 1167065088                                {product} {ergonomic}
   size_t MinHeapDeltaBytes                        = 1048576                                   {product} {ergonomic}
   size_t MinHeapSize                              = 8388608                                   {product} {ergonomic}
    uintx NonNMethodCodeHeapSize                   = 5839372                                {pd product} {ergonomic}
    uintx NonProfiledCodeHeapSize                  = 122909434                              {pd product} {ergonomic}
    uintx ProfiledCodeHeapSize                     = 122909434                              {pd product} {ergonomic}
    uintx ReservedCodeCacheSize                    = 251658240                              {pd product} {ergonomic}
     bool SegmentedCodeCache                       = true                                      {product} {ergonomic}
     bool ShowCodeDetailsInExceptionMessages       = true                                   {manageable} {command line}
   size_t SoftMaxHeapSize                          = 1946157056                             {manageable} {ergonomic}
     bool UseCompressedClassPointers               = true                           {product lp64_product} {ergonomic}
     bool UseCompressedOops                        = true                           {product lp64_product} {ergonomic}
     bool UseG1GC                                  = true                                      {product} {ergonomic}
     bool UseLargePagesIndividualAllocation        = false                                  {pd product} {ergonomic}

Logging:
Log output configuration:
 #0: stdout all=warning uptime,level,tags
 #1: stderr all=off uptime,level,tags

Environment Variables:
JAVA_HOME=C:\Program Files\Java\jdk-21.0.10
PATH=C:/Users/shrut/OneDrive/java/sts-5.1.0.RELEASE//plugins/org.eclipse.justj.openjdk.hotspot.jre.full.win32.x86_64_25.0.2.v20260203-1141/jre/bin/server;C:/Users/shrut/OneDrive/java/sts-5.1.0.RELEASE//plugins/org.eclipse.justj.openjdk.hotspot.jre.full.win32.x86_64_25.0.2.v20260203-1141/jre/bin;C:\oraclexe\app\oracle\product\11.2.0\server\bin;C:\Python312\Scripts\;C:\Python312\;C:\WINDOWS\system32;C:\WINDOWS;C:\WINDOWS\System32\Wbem;C:\WINDOWS\System32\WindowsPowerShell\v1.0\;C:\WINDOWS\System32\OpenSSH\;C:\Program Files\Git\cmd;C:\Program Files\nodejs\;C:\ProgramData\chocolatey\bin;C:\Program Files\Docker\Docker\resources\bin;C:\Program Files\Java\jdk-21.0.10\bin;C:\Program Files\MySQL\MySQL Shell 8.0\bin\;C:\Users\shrut\AppData\Local\Microsoft\WindowsApps;C:\Users\shrut\AppData\Local\Programs\Microsoft VS Code\bin;C:\Users\shrut\AppData\Roaming\npm;C:\Program Files\nodejs\;C:\Program Files\Java\jdk-21.0.10\bin;;C:\Users\shrut\OneDrive\java\sts-5.1.0.RELEASE;
USERNAME=shrut
OS=Windows_NT
PROCESSOR_IDENTIFIER=AMD64 Family 23 Model 160 Stepping 0, AuthenticAMD



---------------  S Y S T E M  ---------------

OS:
 Windows 11 , 64 bit Build 26100 (10.0.26100.8246)
OS uptime: 1 days 2:42 hours
Hyper-V role detected

CPU: total 8 (initial active 8) (8 cores per cpu, 2 threads per core) family 23 model 160 stepping 0 microcode 0x8a0000b, cx8, cmov, fxsr, ht, mmx, 3dnowpref, sse, sse2, sse3, ssse3, sse4a, sse4.1, sse4.2, popcnt, lzcnt, tsc, tscinvbit, avx, avx2, aes, clmul, bmi1, bmi2, adx, sha, fma, vzeroupper, clflush, clflushopt, hv

Memory: 4k page, system-wide physical 7418M (191M free)
TotalPageFile size 28444M (AvailPageFile size 2M)
current process WorkingSet (physical memory assigned to process): 103M, peak: 106M
current process commit charge ("private bytes"): 233M, peak: 235M

vm_info: Java HotSpot(TM) 64-Bit Server VM (17.0.17+8-LTS-360) for windows-amd64 JRE (17.0.17+8-LTS-360), built on Sep 27 2025 05:17:01 by "mach5run" with MS VC++ 17.6 (VS2022)

END.
